#
# There is insufficient memory for the Java Runtime Environment to continue.
# Native memory allocation (mmap) failed to map 1431830528 bytes for committing reserved memory.
# Possible reasons:
#   The system is out of physical RAM or swap space
#   In 32 bit mode, the process size limit was hit
# Possible solutions:
#   Reduce memory load on the system
#   Increase physical memory or swap space
#   Check if swap backing store is full
#   Use 64 bit Java on a 64 bit OS
#   Decrease Java heap size (-Xmx/-Xms)
#   Decrease number of Java threads
#   Decrease Java thread stack sizes (-Xss)
#   Set larger code cache with -XX:ReservedCodeCacheSize=
# This output file may be truncated or incomplete.
#
#  Out of Memory Error (os_linux.cpp:2627), pid=28952, tid=3060816704
#
# JRE version:  (8.0_60-b27) (build )
# Java VM: Java HotSpot(TM) Server VM (25.60-b23 mixed mode linux-x86 )
# Failed to write core dump. Core dumps have been disabled. To enable core dumping, try "ulimit -c unlimited" before starting Java again
#

---------------  T H R E A D  ---------------

Current thread (0xb6206000):  JavaThread "Unknown thread" [_thread_in_vm, id=28953, stack(0xb6305000,0xb6706000)]

Stack: [0xb6305000,0xb6706000],  sp=0xb6704b30,  free space=4094k
Native frames: (J=compiled Java code, j=interpreted, Vv=VM code, C=native code)
V  [libjvm.so+0x8cd06f]  VMError::report_and_die()+0x16f
V  [libjvm.so+0x38bea5]  report_vm_out_of_memory(char const*, int, unsigned int, VMErrorType, char const*)+0x55
V  [libjvm.so+0x750e26]  os::Linux::commit_memory_impl(char*, unsigned int, bool)+0xe6
V  [libjvm.so+0x7512f8]  os::pd_commit_memory(char*, unsigned int, unsigned int, bool)+0x28
V  [libjvm.so+0x74b21c]  os::commit_memory(char*, unsigned int, unsigned int, bool)+0x2c
V  [libjvm.so+0x7b5818]  PSVirtualSpace::expand_by(unsigned int)+0x48
V  [libjvm.so+0x7a824b]  PSOldGen::initialize(ReservedSpace, unsigned int, char const*, int)+0x8b
V  [libjvm.so+0x1a5767]  AdjoiningGenerations::AdjoiningGenerations(ReservedSpace, GenerationSizer*, unsigned int)+0x2e7
V  [libjvm.so+0x7720df]  ParallelScavengeHeap::initialize()+0x19f
V  [libjvm.so+0x897f9d]  Universe::initialize_heap()+0xcd
V  [libjvm.so+0x8982d3]  universe_init()+0x23
V  [libjvm.so+0x4c1ba5]  init_globals()+0x55
V  [libjvm.so+0x87d51b]  Threads::create_vm(JavaVMInitArgs*, bool*)+0x24b
V  [libjvm.so+0x53c25c]  JNI_CreateJavaVM+0x5c
C  [libjli.so+0x6e28]  JavaMain+0x98
C  [libpthread.so.0+0x61aa]  start_thread+0xda
C  [libc.so.6+0xe9fde]  clone+0x5e


---------------  P R O C E S S  ---------------

Java Threads: ( => current thread )

Other Threads:

=>0xb6206000 (exited) JavaThread "Unknown thread" [_thread_in_vm, id=28953, stack(0xb6305000,0xb6706000)]

VM state:not at safepoint (not fully initialized)

VM Mutex/Monitor currently owned by a thread: None

GC Heap History (0 events):
No events

Deoptimization events (0 events):
No events

Internal exceptions (0 events):
No events

Events (0 events):
No events


Dynamic libraries:
08048000-08049000 r-xp 00000000 08:01 118213     /usr/lib/jvm/java-8-oracle/bin/java
08049000-0804a000 rw-p 00000000 08:01 118213     /usr/lib/jvm/java-8-oracle/bin/java
09964000-09985000 rw-p 00000000 00:00 0          [heap]
257ff000-25aa9000 ---p 00000000 00:00 0 
25aa9000-25c00000 rw-p 00000000 00:00 0 
7af2f000-a5c00000 rw-p 00000000 00:00 0 
a5c02000-a5c0b000 rw-p 00000000 00:00 0 
a5c0b000-a5fc2000 ---p 00000000 00:00 0 
a5fc2000-a6202000 rwxp 00000000 00:00 0 
a6202000-b4fc2000 ---p 00000000 00:00 0 
b4fc2000-b4fdb000 r-xp 00000000 08:01 237588     /usr/lib/jvm/java-8-oracle/jre/lib/i386/libzip.so
b4fdb000-b4fdc000 rw-p 00019000 08:01 237588     /usr/lib/jvm/java-8-oracle/jre/lib/i386/libzip.so
b4fdc000-b61f7000 r--s 00000000 08:01 1470361    /var/cache/nscd/passwd
b61f7000-b61fe000 r-xp 00000000 08:01 146052     /lib/i386-linux-gnu/librt-2.21.so
b61fe000-b61ff000 r--p 00006000 08:01 146052     /lib/i386-linux-gnu/librt-2.21.so
b61ff000-b6200000 rw-p 00007000 08:01 146052     /lib/i386-linux-gnu/librt-2.21.so
b6200000-b6221000 rw-p 00000000 00:00 0 
b6221000-b6300000 ---p 00000000 00:00 0 
b6303000-b6305000 rw-p 00000000 00:00 0 
b6305000-b6308000 ---p 00000000 00:00 0 
b6308000-b6706000 rw-p 00000000 00:00 0          [stack:28953]
b6706000-b6751000 r-xp 00000000 08:01 144857     /lib/i386-linux-gnu/libm-2.21.so
b6751000-b6752000 r--p 0004a000 08:01 144857     /lib/i386-linux-gnu/libm-2.21.so
b6752000-b6753000 rw-p 0004b000 08:01 144857     /lib/i386-linux-gnu/libm-2.21.so
b6753000-b70d3000 r-xp 00000000 08:01 248262     /usr/lib/jvm/java-8-oracle/jre/lib/i386/server/libjvm.so
b70d3000-b7140000 rw-p 00980000 08:01 248262     /usr/lib/jvm/java-8-oracle/jre/lib/i386/server/libjvm.so
b7140000-b7566000 rw-p 00000000 00:00 0 
b7566000-b771a000 r-xp 00000000 08:01 144853     /lib/i386-linux-gnu/libc-2.21.so
b771a000-b771d000 r--p 001b3000 08:01 144853     /lib/i386-linux-gnu/libc-2.21.so
b771d000-b771f000 rw-p 001b6000 08:01 144853     /lib/i386-linux-gnu/libc-2.21.so
b771f000-b7721000 rw-p 00000000 00:00 0 
b7721000-b7724000 r-xp 00000000 08:01 148250     /lib/i386-linux-gnu/libdl-2.21.so
b7724000-b7725000 r--p 00002000 08:01 148250     /lib/i386-linux-gnu/libdl-2.21.so
b7725000-b7726000 rw-p 00003000 08:01 148250     /lib/i386-linux-gnu/libdl-2.21.so
b7726000-b773a000 r-xp 00000000 08:01 234082     /usr/lib/jvm/java-8-oracle/lib/i386/jli/libjli.so
b773a000-b773b000 rw-p 00014000 08:01 234082     /usr/lib/jvm/java-8-oracle/lib/i386/jli/libjli.so
b773b000-b773c000 rw-p 00000000 00:00 0 
b773c000-b7755000 r-xp 00000000 08:01 143418     /lib/i386-linux-gnu/libpthread-2.21.so
b7755000-b7756000 r--p 00018000 08:01 143418     /lib/i386-linux-gnu/libpthread-2.21.so
b7756000-b7757000 rw-p 00019000 08:01 143418     /lib/i386-linux-gnu/libpthread-2.21.so
b7757000-b775a000 rw-p 00000000 00:00 0 
b775a000-b7762000 rw-s 00000000 08:01 4928       /tmp/hsperfdata_danny/28952
b7762000-b7763000 rw-p 00000000 00:00 0 
b7763000-b7764000 r--p 00000000 00:00 0 
b7764000-b7788000 r-xp 00000000 08:01 235386     /usr/lib/jvm/java-8-oracle/jre/lib/i386/libjava.so
b7788000-b7789000 rw-p 00023000 08:01 235386     /usr/lib/jvm/java-8-oracle/jre/lib/i386/libjava.so
b7789000-b7794000 r-xp 00000000 08:01 248260     /usr/lib/jvm/java-8-oracle/jre/lib/i386/libverify.so
b7794000-b7795000 rw-p 0000b000 08:01 248260     /usr/lib/jvm/java-8-oracle/jre/lib/i386/libverify.so
b7795000-b7797000 rw-p 00000000 00:00 0 
b7797000-b7799000 r--p 00000000 00:00 0          [vvar]
b7799000-b779a000 r-xp 00000000 00:00 0          [vdso]
b779a000-b77bc000 r-xp 00000000 08:01 144841     /lib/i386-linux-gnu/ld-2.21.so
b77bc000-b77bd000 r--p 00021000 08:01 144841     /lib/i386-linux-gnu/ld-2.21.so
b77bd000-b77be000 rw-p 00022000 08:01 144841     /lib/i386-linux-gnu/ld-2.21.so
bfdc0000-bfdc1000 rwxp 00000000 00:00 0 
bffa2000-bffc4000 rw-p 00000000 00:00 0          [stack]

VM Arguments:
jvm_args: -Xms2048M -Xmx2048M -Xss4m 
java_command: ../../fuseki/fuseki-server.jar --verbose --update --config ../data/schemaedit-config.ttl --port=3333
java_class_path (initial): ../../fuseki/fuseki-server.jar
Launcher Type: SUN_STANDARD

Environment Variables:
JAVA_HOME=/usr/lib/jvm/default-java
PATH=/home/danny/torch/install/bin:/home/danny/torch/install/bin:/home/danny/torch/install/bin:/home/danny/torch/install/bin:/usr/local/heroku/bin:/home/danny/torch/install/bin:/home/danny/torch/install/bin:/home/danny/torch/install/bin:/home/danny/torch/install/bin:/home/java/scala-2.8.0.Beta1-prerelease/bin:/home/java/TDB/bin:/home/danny/bin:/home/danny/apache-maven-3.0.5/bin:/home/danny/scala-2.10.3/bin:/home/danny/scripts:/usr/local/sbin:/usr/local/bin:/usr/sbin:/usr/bin:/sbin:/bin:/usr/games:/usr/local/games:/home/danny/apache-maven-3.0.4/bin:/bin
LD_LIBRARY_PATH=/home/danny/torch/install/lib:/home/danny/torch/install/lib:/home/danny/torch/install/lib:/home/danny/torch/install/lib:
SHELL=/bin/bash
DISPLAY=:0.0
DYLD_LIBRARY_PATH=/home/danny/torch/install/lib:/home/danny/torch/install/lib:/home/danny/torch/install/lib:/home/danny/torch/install/lib:/home/danny/torch/install/lib:/home/danny/torch/install/lib:/home/danny/torch/install/lib:/home/danny/torch/install/lib:

Signal Handlers:
SIGSEGV: [libjvm.so+0x8cdb80], sa_mask[0]=11111111011111111101111111111110, sa_flags=SA_RESTART|SA_SIGINFO
SIGBUS: [libjvm.so+0x8cdb80], sa_mask[0]=11111111011111111101111111111110, sa_flags=SA_RESTART|SA_SIGINFO
SIGFPE: [libjvm.so+0x74db00], sa_mask[0]=11111111011111111101111111111110, sa_flags=SA_RESTART|SA_SIGINFO
SIGPIPE: [libjvm.so+0x74db00], sa_mask[0]=11111111011111111101111111111110, sa_flags=SA_RESTART|SA_SIGINFO
SIGXFSZ: [libjvm.so+0x74db00], sa_mask[0]=11111111011111111101111111111110, sa_flags=SA_RESTART|SA_SIGINFO
SIGILL: [libjvm.so+0x74db00], sa_mask[0]=11111111011111111101111111111110, sa_flags=SA_RESTART|SA_SIGINFO
SIGUSR1: SIG_DFL, sa_mask[0]=00000000000000000000000000000000, sa_flags=none
SIGUSR2: [libjvm.so+0x74f180], sa_mask[0]=00000000000000000000000000000000, sa_flags=SA_RESTART|SA_SIGINFO
SIGHUP: SIG_DFL, sa_mask[0]=00000000000000000000000000000000, sa_flags=none
SIGINT: SIG_DFL, sa_mask[0]=00000000000000000000000000000000, sa_flags=none
SIGTERM: SIG_DFL, sa_mask[0]=00000000000000000000000000000000, sa_flags=none
SIGQUIT: SIG_DFL, sa_mask[0]=00000000000000000000000000000000, sa_flags=none


---------------  S Y S T E M  ---------------

OS:DISTRIB_ID=Ubuntu
DISTRIB_RELEASE=15.04
DISTRIB_CODENAME=vivid
DISTRIB_DESCRIPTION="Ubuntu 15.04"

uname:Linux 3.19.0-28-generic #30-Ubuntu SMP Mon Aug 31 15:52:10 UTC 2015 i686
libc:glibc 2.21 NPTL 2.21 
rlimit: STACK 8192k, CORE 0k, NPROC 30807, NOFILE 65536, AS infinity
load average:0.32 0.77 0.82

/proc/meminfo:
MemTotal:        3973148 kB
MemFree:          286516 kB
MemAvailable:     822260 kB
Buffers:          125564 kB
Cached:           930292 kB
SwapCached:            0 kB
Active:          2987940 kB
Inactive:         560604 kB
Active(anon):    2513332 kB
Inactive(anon):   340736 kB
Active(file):     474608 kB
Inactive(file):   219868 kB
Unevictable:          32 kB
Mlocked:              32 kB
HighTotal:       3113992 kB
HighFree:          85060 kB
LowTotal:         859156 kB
LowFree:          201456 kB
SwapTotal:             0 kB
SwapFree:              0 kB
Dirty:               280 kB
Writeback:             0 kB
AnonPages:       2493036 kB
Mapped:           411216 kB
Shmem:            361012 kB
Slab:              78832 kB
SReclaimable:      53000 kB
SUnreclaim:        25832 kB
KernelStack:        6576 kB
PageTables:        32064 kB
NFS_Unstable:          0 kB
Bounce:                0 kB
WritebackTmp:          0 kB
CommitLimit:     1986572 kB
Committed_AS:   13214264 kB
VmallocTotal:     122880 kB
VmallocUsed:       17800 kB
VmallocChunk:     104436 kB
AnonHugePages:    712704 kB
CmaTotal:              0 kB
CmaFree:               0 kB
HugePages_Total:       0
HugePages_Free:        0
HugePages_Rsvd:        0
HugePages_Surp:        0
Hugepagesize:       2048 kB
DirectMap4k:       53240 kB
DirectMap2M:      860160 kB


CPU:total 2 (2 cores per cpu, 1 threads per core) family 6 model 23 stepping 10, cmov, cx8, fxsr, mmx, sse, sse2, sse3, ssse3, tsc

/proc/cpuinfo:
processor	: 0
vendor_id	: GenuineIntel
cpu family	: 6
model		: 23
model name	: Pentium(R) Dual-Core CPU       T4200  @ 2.00GHz
stepping	: 10
microcode	: 0xa07
cpu MHz		: 2000.000
cache size	: 1024 KB
physical id	: 0
siblings	: 2
core id		: 0
cpu cores	: 2
apicid		: 0
initial apicid	: 0
fdiv_bug	: no
f00f_bug	: no
coma_bug	: no
fpu		: yes
fpu_exception	: yes
cpuid level	: 13
wp		: yes
flags		: fpu vme de pse tsc msr pae mce cx8 apic sep mtrr pge mca cmov pat pse36 clflush dts acpi mmx fxsr sse sse2 ss ht tm pbe nx lm constant_tsc arch_perfmon pebs bts aperfmperf pni dtes64 monitor ds_cpl est tm2 ssse3 cx16 xtpr pdcm xsave lahf_lm dtherm
bugs		:
bogomips	: 3989.82
clflush size	: 64
cache_alignment	: 64
address sizes	: 36 bits physical, 48 bits virtual
power management:

processor	: 1
vendor_id	: GenuineIntel
cpu family	: 6
model		: 23
model name	: Pentium(R) Dual-Core CPU       T4200  @ 2.00GHz
stepping	: 10
microcode	: 0xa07
cpu MHz		: 2000.000
cache size	: 1024 KB
physical id	: 0
siblings	: 2
core id		: 1
cpu cores	: 2
apicid		: 1
initial apicid	: 1
fdiv_bug	: no
f00f_bug	: no
coma_bug	: no
fpu		: yes
fpu_exception	: yes
cpuid level	: 13
wp		: yes
flags		: fpu vme de pse tsc msr pae mce cx8 apic sep mtrr pge mca cmov pat pse36 clflush dts acpi mmx fxsr sse sse2 ss ht tm pbe nx lm constant_tsc arch_perfmon pebs bts aperfmperf pni dtes64 monitor ds_cpl est tm2 ssse3 cx16 xtpr pdcm xsave lahf_lm dtherm
bugs		:
bogomips	: 3989.82
clflush size	: 64
cache_alignment	: 64
address sizes	: 36 bits physical, 48 bits virtual
power management:



Memory: 4k page, physical 3973148k(286516k free), swap 0k(0k free)

vm_info: Java HotSpot(TM) Server VM (25.60-b23) for linux-x86 JRE (1.8.0_60-b27), built on Aug  4 2015 10:44:54 by "java_re" with gcc 4.3.0 20080428 (Red Hat 4.3.0-8)

time: Thu Sep 10 15:10:40 2015
elapsed time: 0 seconds (0d 0h 0m 0s)

